<?xml version="1.0" encoding="UTF-8"?>
<testsuite xmlns:xsi="http://www.w3.org/2001/XMLSchema-instance" xsi:noNamespaceSchemaLocation="https://maven.apache.org/surefire/maven-surefire-plugin/xsd/surefire-test-report-3.0.xsd" version="3.0" name="runners.CukesRunner" time="8.718" tests="1" errors="0" skipped="0" failures="1">
  <properties>
    <property name="java.specification.version" value="13"/>
    <property name="sun.cpu.isalist" value="amd64"/>
    <property name="sun.jnu.encoding" value="Cp1252"/>
    <property name="java.class.path" value="C:\Users\Arif-Busra\IdeaProjects\chicago14cucumberjunit\target\test-classes;C:\Users\Arif-Busra\IdeaProjects\chicago14cucumberjunit\target\classes;C:\Users\Arif-Busra\.m2\repository\org\seleniumhq\selenium\selenium-java\3.141.59\selenium-java-3.141.59.jar;C:\Users\Arif-Busra\.m2\repository\org\seleniumhq\selenium\selenium-api\3.141.59\selenium-api-3.141.59.jar;C:\Users\Arif-Busra\.m2\repository\org\seleniumhq\selenium\selenium-chrome-driver\3.141.59\selenium-chrome-driver-3.141.59.jar;C:\Users\Arif-Busra\.m2\repository\org\seleniumhq\selenium\selenium-edge-driver\3.141.59\selenium-edge-driver-3.141.59.jar;C:\Users\Arif-Busra\.m2\repository\org\seleniumhq\selenium\selenium-firefox-driver\3.141.59\selenium-firefox-driver-3.141.59.jar;C:\Users\Arif-Busra\.m2\repository\org\seleniumhq\selenium\selenium-ie-driver\3.141.59\selenium-ie-driver-3.141.59.jar;C:\Users\Arif-Busra\.m2\repository\org\seleniumhq\selenium\selenium-opera-driver\3.141.59\selenium-opera-driver-3.141.59.jar;C:\Users\Arif-Busra\.m2\repository\org\seleniumhq\selenium\selenium-remote-driver\3.141.59\selenium-remote-driver-3.141.59.jar;C:\Users\Arif-Busra\.m2\repository\org\seleniumhq\selenium\selenium-safari-driver\3.141.59\selenium-safari-driver-3.141.59.jar;C:\Users\Arif-Busra\.m2\repository\org\seleniumhq\selenium\selenium-support\3.141.59\selenium-support-3.141.59.jar;C:\Users\Arif-Busra\.m2\repository\net\bytebuddy\byte-buddy\1.8.15\byte-buddy-1.8.15.jar;C:\Users\Arif-Busra\.m2\repository\org\apache\commons\commons-exec\1.3\commons-exec-1.3.jar;C:\Users\Arif-Busra\.m2\repository\com\google\guava\guava\25.0-jre\guava-25.0-jre.jar;C:\Users\Arif-Busra\.m2\repository\com\google\code\findbugs\jsr305\1.3.9\jsr305-1.3.9.jar;C:\Users\Arif-Busra\.m2\repository\org\checkerframework\checker-compat-qual\2.0.0\checker-compat-qual-2.0.0.jar;C:\Users\Arif-Busra\.m2\repository\com\google\errorprone\error_prone_annotations\2.1.3\error_prone_annotations-2.1.3.jar;C:\Users\Arif-Busra\.m2\repository\com\google\j2objc\j2objc-annotations\1.1\j2objc-annotations-1.1.jar;C:\Users\Arif-Busra\.m2\repository\org\codehaus\mojo\animal-sniffer-annotations\1.14\animal-sniffer-annotations-1.14.jar;C:\Users\Arif-Busra\.m2\repository\com\squareup\okhttp3\okhttp\3.11.0\okhttp-3.11.0.jar;C:\Users\Arif-Busra\.m2\repository\com\squareup\okio\okio\1.14.0\okio-1.14.0.jar;C:\Users\Arif-Busra\.m2\repository\io\github\bonigarcia\webdrivermanager\3.8.0\webdrivermanager-3.8.0.jar;C:\Users\Arif-Busra\.m2\repository\org\slf4j\slf4j-api\1.7.25\slf4j-api-1.7.25.jar;C:\Users\Arif-Busra\.m2\repository\commons-io\commons-io\2.6\commons-io-2.6.jar;C:\Users\Arif-Busra\.m2\repository\com\google\code\gson\gson\2.8.5\gson-2.8.5.jar;C:\Users\Arif-Busra\.m2\repository\org\apache\commons\commons-lang3\3.8.1\commons-lang3-3.8.1.jar;C:\Users\Arif-Busra\.m2\repository\org\apache\httpcomponents\httpclient\4.5.6\httpclient-4.5.6.jar;C:\Users\Arif-Busra\.m2\repository\org\apache\httpcomponents\httpcore\4.4.10\httpcore-4.4.10.jar;C:\Users\Arif-Busra\.m2\repository\commons-logging\commons-logging\1.2\commons-logging-1.2.jar;C:\Users\Arif-Busra\.m2\repository\commons-codec\commons-codec\1.10\commons-codec-1.10.jar;C:\Users\Arif-Busra\.m2\repository\org\rauschig\jarchivelib\1.0.0\jarchivelib-1.0.0.jar;C:\Users\Arif-Busra\.m2\repository\org\apache\commons\commons-compress\1.18\commons-compress-1.18.jar;C:\Users\Arif-Busra\.m2\repository\org\jsoup\jsoup\1.11.3\jsoup-1.11.3.jar;C:\Users\Arif-Busra\.m2\repository\com\github\javafaker\javafaker\1.0.1\javafaker-1.0.1.jar;C:\Users\Arif-Busra\.m2\repository\org\yaml\snakeyaml\1.23\snakeyaml-1.23-android.jar;C:\Users\Arif-Busra\.m2\repository\com\github\mifmif\generex\1.0.2\generex-1.0.2.jar;C:\Users\Arif-Busra\.m2\repository\dk\brics\automaton\automaton\1.11-8\automaton-1.11-8.jar;C:\Users\Arif-Busra\.m2\repository\io\cucumber\cucumber-java\4.2.0\cucumber-java-4.2.0.jar;C:\Users\Arif-Busra\.m2\repository\io\cucumber\cucumber-core\4.2.0\cucumber-core-4.2.0.jar;C:\Users\Arif-Busra\.m2\repository\io\cucumber\cucumber-html\0.2.7\cucumber-html-0.2.7.jar;C:\Users\Arif-Busra\.m2\repository\io\cucumber\gherkin\5.1.0\gherkin-5.1.0.jar;C:\Users\Arif-Busra\.m2\repository\io\cucumber\tag-expressions\1.1.1\tag-expressions-1.1.1.jar;C:\Users\Arif-Busra\.m2\repository\io\cucumber\cucumber-expressions\6.2.0\cucumber-expressions-6.2.0.jar;C:\Users\Arif-Busra\.m2\repository\io\cucumber\datatable\1.1.7\datatable-1.1.7.jar;C:\Users\Arif-Busra\.m2\repository\io\cucumber\datatable-dependencies\1.1.7\datatable-dependencies-1.1.7.jar;C:\Users\Arif-Busra\.m2\repository\io\cucumber\cucumber-junit\4.2.0\cucumber-junit-4.2.0.jar;C:\Users\Arif-Busra\.m2\repository\junit\junit\4.12\junit-4.12.jar;C:\Users\Arif-Busra\.m2\repository\io\rest-assured\rest-assured\3.2.0\rest-assured-3.2.0.jar;C:\Users\Arif-Busra\.m2\repository\org\codehaus\groovy\groovy\2.4.15\groovy-2.4.15.jar;C:\Users\Arif-Busra\.m2\repository\org\codehaus\groovy\groovy-xml\2.4.15\groovy-xml-2.4.15.jar;C:\Users\Arif-Busra\.m2\repository\org\apache\httpcomponents\httpmime\4.5.1\httpmime-4.5.1.jar;C:\Users\Arif-Busra\.m2\repository\org\hamcrest\hamcrest-core\1.3\hamcrest-core-1.3.jar;C:\Users\Arif-Busra\.m2\repository\org\hamcrest\hamcrest-library\1.3\hamcrest-library-1.3.jar;C:\Users\Arif-Busra\.m2\repository\org\ccil\cowan\tagsoup\tagsoup\1.2.1\tagsoup-1.2.1.jar;C:\Users\Arif-Busra\.m2\repository\io\rest-assured\json-path\3.2.0\json-path-3.2.0.jar;C:\Users\Arif-Busra\.m2\repository\org\codehaus\groovy\groovy-json\2.4.15\groovy-json-2.4.15.jar;C:\Users\Arif-Busra\.m2\repository\io\rest-assured\rest-assured-common\3.2.0\rest-assured-common-3.2.0.jar;C:\Users\Arif-Busra\.m2\repository\io\rest-assured\xml-path\3.2.0\xml-path-3.2.0.jar;C:\Users\Arif-Busra\.m2\repository\javax\xml\bind\jaxb-api\2.2.12\jaxb-api-2.2.12.jar;C:\Users\Arif-Busra\.m2\repository\com\sun\xml\bind\jaxb-osgi\2.2.10\jaxb-osgi-2.2.10.jar;C:\Users\Arif-Busra\.m2\repository\org\apache\sling\org.apache.sling.javax.activation\0.1.0\org.apache.sling.javax.activation-0.1.0.jar;C:\Users\Arif-Busra\.m2\repository\javax\activation\activation\1.1.1\activation-1.1.1.jar;C:\Users\Arif-Busra\.m2\repository\oracle\ojdbc6\11.2.0.3\ojdbc6-11.2.0.3.jar;C:\Users\Arif-Busra\.m2\repository\org\apache\logging\log4j\log4j-core\2.12.1\log4j-core-2.12.1.jar;C:\Users\Arif-Busra\.m2\repository\org\apache\logging\log4j\log4j-api\2.12.1\log4j-api-2.12.1.jar;C:\Users\Arif-Busra\.m2\repository\com\aventstack\extentreports\4.0.9\extentreports-4.0.9.jar;C:\Users\Arif-Busra\.m2\repository\org\freemarker\freemarker\2.3.23\freemarker-2.3.23.jar;C:\Users\Arif-Busra\.m2\repository\org\mongodb\mongodb-driver\3.3.0\mongodb-driver-3.3.0.jar;C:\Users\Arif-Busra\.m2\repository\org\mongodb\mongodb-driver-core\3.3.0\mongodb-driver-core-3.3.0.jar;C:\Users\Arif-Busra\.m2\repository\org\mongodb\bson\3.3.0\bson-3.3.0.jar;"/>
    <property name="java.vm.vendor" value="Oracle Corporation"/>
    <property name="sun.arch.data.model" value="64"/>
    <property name="user.variant" value=""/>
    <property name="java.vendor.url" value="https://java.oracle.com/"/>
    <property name="user.timezone" value="America/Chicago"/>
    <property name="os.name" value="Windows 10"/>
    <property name="java.vm.specification.version" value="13"/>
    <property name="sun.java.launcher" value="SUN_STANDARD"/>
    <property name="user.country" value="US"/>
    <property name="sun.boot.library.path" value="C:\Program Files\Java\jdk-13.0.1\bin"/>
    <property name="sun.java.command" value="C:\Users\Arif-Busra\AppData\Local\Temp\surefire11818658244910216147\surefirebooter10318577952153441870.jar C:\Users\Arif-Busra\AppData\Local\Temp\surefire11818658244910216147 2020-03-09T20-50-04_001-jvmRun1 surefire13774364754119817891tmp surefire_09034724389240933545tmp"/>
    <property name="jdk.debug" value="release"/>
    <property name="surefire.test.class.path" value="C:\Users\Arif-Busra\IdeaProjects\chicago14cucumberjunit\target\test-classes;C:\Users\Arif-Busra\IdeaProjects\chicago14cucumberjunit\target\classes;C:\Users\Arif-Busra\.m2\repository\org\seleniumhq\selenium\selenium-java\3.141.59\selenium-java-3.141.59.jar;C:\Users\Arif-Busra\.m2\repository\org\seleniumhq\selenium\selenium-api\3.141.59\selenium-api-3.141.59.jar;C:\Users\Arif-Busra\.m2\repository\org\seleniumhq\selenium\selenium-chrome-driver\3.141.59\selenium-chrome-driver-3.141.59.jar;C:\Users\Arif-Busra\.m2\repository\org\seleniumhq\selenium\selenium-edge-driver\3.141.59\selenium-edge-driver-3.141.59.jar;C:\Users\Arif-Busra\.m2\repository\org\seleniumhq\selenium\selenium-firefox-driver\3.141.59\selenium-firefox-driver-3.141.59.jar;C:\Users\Arif-Busra\.m2\repository\org\seleniumhq\selenium\selenium-ie-driver\3.141.59\selenium-ie-driver-3.141.59.jar;C:\Users\Arif-Busra\.m2\repository\org\seleniumhq\selenium\selenium-opera-driver\3.141.59\selenium-opera-driver-3.141.59.jar;C:\Users\Arif-Busra\.m2\repository\org\seleniumhq\selenium\selenium-remote-driver\3.141.59\selenium-remote-driver-3.141.59.jar;C:\Users\Arif-Busra\.m2\repository\org\seleniumhq\selenium\selenium-safari-driver\3.141.59\selenium-safari-driver-3.141.59.jar;C:\Users\Arif-Busra\.m2\repository\org\seleniumhq\selenium\selenium-support\3.141.59\selenium-support-3.141.59.jar;C:\Users\Arif-Busra\.m2\repository\net\bytebuddy\byte-buddy\1.8.15\byte-buddy-1.8.15.jar;C:\Users\Arif-Busra\.m2\repository\org\apache\commons\commons-exec\1.3\commons-exec-1.3.jar;C:\Users\Arif-Busra\.m2\repository\com\google\guava\guava\25.0-jre\guava-25.0-jre.jar;C:\Users\Arif-Busra\.m2\repository\com\google\code\findbugs\jsr305\1.3.9\jsr305-1.3.9.jar;C:\Users\Arif-Busra\.m2\repository\org\checkerframework\checker-compat-qual\2.0.0\checker-compat-qual-2.0.0.jar;C:\Users\Arif-Busra\.m2\repository\com\google\errorprone\error_prone_annotations\2.1.3\error_prone_annotations-2.1.3.jar;C:\Users\Arif-Busra\.m2\repository\com\google\j2objc\j2objc-annotations\1.1\j2objc-annotations-1.1.jar;C:\Users\Arif-Busra\.m2\repository\org\codehaus\mojo\animal-sniffer-annotations\1.14\animal-sniffer-annotations-1.14.jar;C:\Users\Arif-Busra\.m2\repository\com\squareup\okhttp3\okhttp\3.11.0\okhttp-3.11.0.jar;C:\Users\Arif-Busra\.m2\repository\com\squareup\okio\okio\1.14.0\okio-1.14.0.jar;C:\Users\Arif-Busra\.m2\repository\io\github\bonigarcia\webdrivermanager\3.8.0\webdrivermanager-3.8.0.jar;C:\Users\Arif-Busra\.m2\repository\org\slf4j\slf4j-api\1.7.25\slf4j-api-1.7.25.jar;C:\Users\Arif-Busra\.m2\repository\commons-io\commons-io\2.6\commons-io-2.6.jar;C:\Users\Arif-Busra\.m2\repository\com\google\code\gson\gson\2.8.5\gson-2.8.5.jar;C:\Users\Arif-Busra\.m2\repository\org\apache\commons\commons-lang3\3.8.1\commons-lang3-3.8.1.jar;C:\Users\Arif-Busra\.m2\repository\org\apache\httpcomponents\httpclient\4.5.6\httpclient-4.5.6.jar;C:\Users\Arif-Busra\.m2\repository\org\apache\httpcomponents\httpcore\4.4.10\httpcore-4.4.10.jar;C:\Users\Arif-Busra\.m2\repository\commons-logging\commons-logging\1.2\commons-logging-1.2.jar;C:\Users\Arif-Busra\.m2\repository\commons-codec\commons-codec\1.10\commons-codec-1.10.jar;C:\Users\Arif-Busra\.m2\repository\org\rauschig\jarchivelib\1.0.0\jarchivelib-1.0.0.jar;C:\Users\Arif-Busra\.m2\repository\org\apache\commons\commons-compress\1.18\commons-compress-1.18.jar;C:\Users\Arif-Busra\.m2\repository\org\jsoup\jsoup\1.11.3\jsoup-1.11.3.jar;C:\Users\Arif-Busra\.m2\repository\com\github\javafaker\javafaker\1.0.1\javafaker-1.0.1.jar;C:\Users\Arif-Busra\.m2\repository\org\yaml\snakeyaml\1.23\snakeyaml-1.23-android.jar;C:\Users\Arif-Busra\.m2\repository\com\github\mifmif\generex\1.0.2\generex-1.0.2.jar;C:\Users\Arif-Busra\.m2\repository\dk\brics\automaton\automaton\1.11-8\automaton-1.11-8.jar;C:\Users\Arif-Busra\.m2\repository\io\cucumber\cucumber-java\4.2.0\cucumber-java-4.2.0.jar;C:\Users\Arif-Busra\.m2\repository\io\cucumber\cucumber-core\4.2.0\cucumber-core-4.2.0.jar;C:\Users\Arif-Busra\.m2\repository\io\cucumber\cucumber-html\0.2.7\cucumber-html-0.2.7.jar;C:\Users\Arif-Busra\.m2\repository\io\cucumber\gherkin\5.1.0\gherkin-5.1.0.jar;C:\Users\Arif-Busra\.m2\repository\io\cucumber\tag-expressions\1.1.1\tag-expressions-1.1.1.jar;C:\Users\Arif-Busra\.m2\repository\io\cucumber\cucumber-expressions\6.2.0\cucumber-expressions-6.2.0.jar;C:\Users\Arif-Busra\.m2\repository\io\cucumber\datatable\1.1.7\datatable-1.1.7.jar;C:\Users\Arif-Busra\.m2\repository\io\cucumber\datatable-dependencies\1.1.7\datatable-dependencies-1.1.7.jar;C:\Users\Arif-Busra\.m2\repository\io\cucumber\cucumber-junit\4.2.0\cucumber-junit-4.2.0.jar;C:\Users\Arif-Busra\.m2\repository\junit\junit\4.12\junit-4.12.jar;C:\Users\Arif-Busra\.m2\repository\io\rest-assured\rest-assured\3.2.0\rest-assured-3.2.0.jar;C:\Users\Arif-Busra\.m2\repository\org\codehaus\groovy\groovy\2.4.15\groovy-2.4.15.jar;C:\Users\Arif-Busra\.m2\repository\org\codehaus\groovy\groovy-xml\2.4.15\groovy-xml-2.4.15.jar;C:\Users\Arif-Busra\.m2\repository\org\apache\httpcomponents\httpmime\4.5.1\httpmime-4.5.1.jar;C:\Users\Arif-Busra\.m2\repository\org\hamcrest\hamcrest-core\1.3\hamcrest-core-1.3.jar;C:\Users\Arif-Busra\.m2\repository\org\hamcrest\hamcrest-library\1.3\hamcrest-library-1.3.jar;C:\Users\Arif-Busra\.m2\repository\org\ccil\cowan\tagsoup\tagsoup\1.2.1\tagsoup-1.2.1.jar;C:\Users\Arif-Busra\.m2\repository\io\rest-assured\json-path\3.2.0\json-path-3.2.0.jar;C:\Users\Arif-Busra\.m2\repository\org\codehaus\groovy\groovy-json\2.4.15\groovy-json-2.4.15.jar;C:\Users\Arif-Busra\.m2\repository\io\rest-assured\rest-assured-common\3.2.0\rest-assured-common-3.2.0.jar;C:\Users\Arif-Busra\.m2\repository\io\rest-assured\xml-path\3.2.0\xml-path-3.2.0.jar;C:\Users\Arif-Busra\.m2\repository\javax\xml\bind\jaxb-api\2.2.12\jaxb-api-2.2.12.jar;C:\Users\Arif-Busra\.m2\repository\com\sun\xml\bind\jaxb-osgi\2.2.10\jaxb-osgi-2.2.10.jar;C:\Users\Arif-Busra\.m2\repository\org\apache\sling\org.apache.sling.javax.activation\0.1.0\org.apache.sling.javax.activation-0.1.0.jar;C:\Users\Arif-Busra\.m2\repository\javax\activation\activation\1.1.1\activation-1.1.1.jar;C:\Users\Arif-Busra\.m2\repository\oracle\ojdbc6\11.2.0.3\ojdbc6-11.2.0.3.jar;C:\Users\Arif-Busra\.m2\repository\org\apache\logging\log4j\log4j-core\2.12.1\log4j-core-2.12.1.jar;C:\Users\Arif-Busra\.m2\repository\org\apache\logging\log4j\log4j-api\2.12.1\log4j-api-2.12.1.jar;C:\Users\Arif-Busra\.m2\repository\com\aventstack\extentreports\4.0.9\extentreports-4.0.9.jar;C:\Users\Arif-Busra\.m2\repository\org\freemarker\freemarker\2.3.23\freemarker-2.3.23.jar;C:\Users\Arif-Busra\.m2\repository\org\mongodb\mongodb-driver\3.3.0\mongodb-driver-3.3.0.jar;C:\Users\Arif-Busra\.m2\repository\org\mongodb\mongodb-driver-core\3.3.0\mongodb-driver-core-3.3.0.jar;C:\Users\Arif-Busra\.m2\repository\org\mongodb\bson\3.3.0\bson-3.3.0.jar;"/>
    <property name="sun.cpu.endian" value="little"/>
    <property name="user.home" value="C:\Users\Arif-Busra"/>
    <property name="user.language" value="en"/>
    <property name="java.specification.vendor" value="Oracle Corporation"/>
    <property name="java.version.date" value="2019-10-15"/>
    <property name="java.home" value="C:\Program Files\Java\jdk-13.0.1"/>
    <property name="file.separator" value="\"/>
    <property name="basedir" value="C:\Users\Arif-Busra\IdeaProjects\chicago14cucumberjunit"/>
    <property name="java.vm.compressedOopsMode" value="32-bit"/>
    <property name="line.separator" value="&#10;"/>
    <property name="java.vm.specification.vendor" value="Oracle Corporation"/>
    <property name="java.specification.name" value="Java Platform API Specification"/>
    <property name="surefire.real.class.path" value="C:\Users\Arif-Busra\AppData\Local\Temp\surefire11818658244910216147\surefirebooter10318577952153441870.jar"/>
    <property name="user.script" value=""/>
    <property name="sun.management.compiler" value="HotSpot 64-Bit Tiered Compilers"/>
    <property name="java.runtime.version" value="13.0.1+9"/>
    <property name="user.name" value="Arif-Busra"/>
    <property name="path.separator" value=";"/>
    <property name="os.version" value="10.0"/>
    <property name="java.runtime.name" value="Java(TM) SE Runtime Environment"/>
    <property name="file.encoding" value="Cp1252"/>
    <property name="java.vm.name" value="Java HotSpot(TM) 64-Bit Server VM"/>
    <property name="localRepository" value="C:\Users\Arif-Busra\.m2\repository"/>
    <property name="java.vendor.url.bug" value="https://bugreport.java.com/bugreport/"/>
    <property name="java.io.tmpdir" value="C:\Users\ARIF-B~1\AppData\Local\Temp\"/>
    <property name="java.version" value="13.0.1"/>
    <property name="user.dir" value="C:\Users\Arif-Busra\IdeaProjects\chicago14cucumberjunit"/>
    <property name="os.arch" value="amd64"/>
    <property name="java.vm.specification.name" value="Java Virtual Machine Specification"/>
    <property name="sun.os.patch.level" value=""/>
    <property name="java.library.path" value="C:\Program Files\Java\jdk-13.0.1\bin;C:\Windows\Sun\Java\bin;C:\Windows\system32;C:\Windows;C:\Windows\system32;C:\Windows;C:\Windows\System32\Wbem;C:\Windows\System32\WindowsPowerShell\v1.0\;C:\Windows\System32\OpenSSH\;C:\Program Files\Java\jdk-12.0.2\bin;C:\Program Files\Git\cmd;C:\Users\Arif-Busra\AppData\Local\Microsoft\WindowsApps;;."/>
    <property name="java.vm.info" value="mixed mode, sharing"/>
    <property name="java.vendor" value="Oracle Corporation"/>
    <property name="java.vm.version" value="13.0.1+9"/>
    <property name="idea.version2019.3" value="true"/>
    <property name="sun.io.unicode.encoding" value="UnicodeLittle"/>
    <property name="java.class.version" value="57.0"/>
  </properties>
  <testcase name="Google title verification" classname="Google feature verifications" time="7.807">
    <failure message="Title does not contain expected value!" type="java.lang.AssertionError">java.lang.AssertionError: Title does not contain expected value!
</failure>
    <system-err><![CDATA[SLF4J: Failed to load class "org.slf4j.impl.StaticLoggerBinder".
SLF4J: Defaulting to no-operation (NOP) logger implementation
SLF4J: See http://www.slf4j.org/codes.html#StaticLoggerBinder for further details.
Starting ChromeDriver 80.0.3987.106 (f68069574609230cf9b635cd784cfb1bf81bb53a-refs/branch-heads/3987@{#882}) on port 18820
Only local connections are allowed.
Please protect ports used by ChromeDriver and related test frameworks to prevent access by malicious code.
Mar 09, 2020 8:50:10 PM org.openqa.selenium.remote.ProtocolHandshake createSession
INFO: Detected dialect: W3C
[1583805012.379][SEVERE]: Timed out receiving message from renderer: 0.100
[1583805012.504][SEVERE]: Timed out receiving message from renderer: 0.100
[1583805012.668][SEVERE]: Timed out receiving message from renderer: 0.100
[1583805012.878][SEVERE]: Timed out receiving message from renderer: 0.100
]]></system-err>
  </testcase>
</testsuite>